[debug] [2025-09-26T15:25:31.896Z] ----------------------------------------------------------------------
[debug] [2025-09-26T15:25:31.897Z] Command:       C:\Program Files\nodejs\node.exe C:\Users\athar\AppData\Roaming\npm\node_modules\firebase-tools\lib\bin\firebase.js init
[debug] [2025-09-26T15:25:31.898Z] CLI Version:   14.17.0
[debug] [2025-09-26T15:25:31.898Z] Platform:      win32
[debug] [2025-09-26T15:25:31.898Z] Node Version:  v22.18.0
[debug] [2025-09-26T15:25:31.898Z] Time:          Fri Sep 26 2025 20:55:31 GMT+0530 (India Standard Time)
[debug] [2025-09-26T15:25:31.898Z] ----------------------------------------------------------------------
[debug] 
[debug] [2025-09-26T15:25:31.902Z] > command requires scopes: ["email","openid","https://www.googleapis.com/auth/cloudplatformprojects.readonly","https://www.googleapis.com/auth/firebase","https://www.googleapis.com/auth/cloud-platform"]
[debug] [2025-09-26T15:25:31.903Z] > authorizing via signed-in user (atharvakeval8380@gmail.com)
[info] 
     ######## #### ########  ######## ########     ###     ######  ########
     ##        ##  ##     ## ##       ##     ##  ##   ##  ##       ##
     ######    ##  ########  ######   ########  #########  ######  ######
     ##        ##  ##    ##  ##       ##     ## ##     ##       ## ##
     ##       #### ##     ## ######## ########  ##     ##  ######  ########

You're about to initialize a Firebase project in this directory:

  D:\cyber security\project\hospital\Hospital-backend

[debug] [2025-09-26T15:27:42.100Z] ExitPromptError: User force closed the prompt with SIGINT
    at Interface.sigint (C:\Users\athar\AppData\Roaming\npm\node_modules\firebase-tools\node_modules\@inquirer\core\dist\commonjs\lib\create-prompt.js:101:37)
    at Interface.emit (node:events:518:28)
    at Interface.emit (node:domain:489:12)
    at [_ttyWrite] [as _ttyWrite] (node:internal/readline/interface:1132:18)
    at ReadStream.onkeypress (node:internal/readline/interface:271:20)
    at ReadStream.emit (node:events:530:35)
    at ReadStream.emit (node:domain:489:12)
    at emitKeys (node:internal/readline/utils:370:14)
    at emitKeys.next (<anonymous>)
    at ReadStream.onData (node:internal/readline/emitKeypressEvents:64:36)
[error] 
[error] Error: An unexpected error has occurred.
